Start testing: Sep 13 10:47 CEST
----------------------------------------------------------
1/4 Testing: core_mesh_serial
1/4 Test: core_mesh_serial
Command: "/home/renpo/Research/MantlePar/build/src/core/test/test_mesh"
Directory: /home/renpo/Research/MantlePar/build/src/core/test
"core_mesh_serial" start time: Sep 13 10:47 CEST
Output:
----------------------------------------------------------
mesh tests passed
<end of output>
Test time =   1.63 sec
----------------------------------------------------------
Test Passed.
"core_mesh_serial" end time: Sep 13 10:47 CEST
"core_mesh_serial" time elapsed: 00:00:01
----------------------------------------------------------

2/4 Testing: core_mesh_mpi_2x1
2/4 Test: core_mesh_mpi_2x1
Command: "/usr/bin/mpiexec" "-n" "2" "/home/renpo/Research/MantlePar/build/src/core/test/test_mesh" "-mesh_px" "2" "-mesh_py" "1"
Directory: /home/renpo/Research/MantlePar/build/src/core/test
"core_mesh_mpi_2x1" start time: Sep 13 10:47 CEST
Output:
----------------------------------------------------------
[0]PETSC ERROR: --------------------- Error Message --------------------------------------------------------------
[0]PETSC ERROR: Argument out of range
[0]PETSC ERROR: Too many processors in X direction: 2 1
[0]PETSC ERROR: See https://petsc.org/release/faq/ for trouble shooting.
[0]PETSC ERROR: PETSc Release Version 3.23.0, unknown
[0]PETSC ERROR: /home/renpo/Research/MantlePar/build/src/core/test/test_mesh with 1 MPI process(es) and PETSC_ARCH  on renpo-ThinkPad-P16-Gen-2 by renpo Sun Sep 13 10:47:29 2026
[0]PETSC ERROR: Configure options: PETSC_ARCH=linux-opt --prefix=/home/renpo/system/petsc-install --with-mpi-dir=/home/renpo/system/mpich-install --with-blaslapack-dir=/home/renpo/system/lapack-install
[0]PETSC ERROR: #1 DMSetUp_DA_2D() at /home/renpo/system/petsc/src/dm/impls/da/da2.c:226
[0]PETSC ERROR: #2 DMSetUp_DA() at /home/renpo/system/petsc/src/dm/impls/da/dareg.c:17
[0]PETSC ERROR: #3 DMSetUp() at /home/renpo/system/petsc/src/dm/interface/dm.c:812
[0]PETSC ERROR: #4 MakeDM() at /home/renpo/Research/MantlePar/src/core/test/test_mesh.cpp:28
[0]PETSC ERROR: #5 CheckCase() at /home/renpo/Research/MantlePar/src/core/test/test_mesh.cpp:42
[0]PETSC ERROR: #6 RunTests() at /home/renpo/Research/MantlePar/src/core/test/test_mesh.cpp:203
[0]PETSC ERROR: --------------------- Error Message --------------------------------------------------------------
[0]PETSC ERROR: Argument out of range
[0]PETSC ERROR: Too many processors in X direction: 2 1
[0]PETSC ERROR: See https://petsc.org/release/faq/ for trouble shooting.
[0]PETSC ERROR: PETSc Release Version 3.23.0, unknown
[0]PETSC ERROR: /home/renpo/Research/MantlePar/build/src/core/test/test_mesh with 1 MPI process(es) and PETSC_ARCH  on renpo-ThinkPad-P16-Gen-2 by renpo Sun Sep 13 10:47:29 2026
[0]PETSC ERROR: Configure options: PETSC_ARCH=linux-opt --prefix=/home/renpo/system/petsc-install --with-mpi-dir=/home/renpo/system/mpich-install --with-blaslapack-dir=/home/renpo/system/lapack-install
[0]PETSC ERROR: #1 DMSetUp_DA_2D() at /home/renpo/system/petsc/src/dm/impls/da/da2.c:226
[0]PETSC ERROR: #2 DMSetUp_DA() at /home/renpo/system/petsc/src/dm/impls/da/dareg.c:17
[0]PETSC ERROR: #3 DMSetUp() at /home/renpo/system/petsc/src/dm/interface/dm.c:812
[0]PETSC ERROR: #4 MakeDM() at /home/renpo/Research/MantlePar/src/core/test/test_mesh.cpp:28
[0]PETSC ERROR: #5 CheckCase() at /home/renpo/Research/MantlePar/src/core/test/test_mesh.cpp:42
[0]PETSC ERROR: #6 RunTests() at /home/renpo/Research/MantlePar/src/core/test/test_mesh.cpp:203
--------------------------------------------------------------------------
Primary job  terminated normally, but 1 process returned
a non-zero exit code. Per user-direction, the job has been aborted.
--------------------------------------------------------------------------
--------------------------------------------------------------------------
mpiexec detected that one or more processes exited with non-zero status, thus causing
the job to be terminated. The first process to do so was:

  Process name: [[24396,1],1]
  Exit code:    63
--------------------------------------------------------------------------
<end of output>
Test time =   2.35 sec
----------------------------------------------------------
Test Failed.
"core_mesh_mpi_2x1" end time: Sep 13 10:47 CEST
"core_mesh_mpi_2x1" time elapsed: 00:00:02
----------------------------------------------------------

3/4 Testing: core_mesh_mpi_1x2
3/4 Test: core_mesh_mpi_1x2
Command: "/usr/bin/mpiexec" "-n" "2" "/home/renpo/Research/MantlePar/build/src/core/test/test_mesh" "-mesh_px" "1" "-mesh_py" "2"
Directory: /home/renpo/Research/MantlePar/build/src/core/test
"core_mesh_mpi_1x2" start time: Sep 13 10:47 CEST
Output:
----------------------------------------------------------
[0]PETSC ERROR: --------------------- Error Message --------------------------------------------------------------
[0]PETSC ERROR: Argument out of range
[0]PETSC ERROR: Too many processors in Y direction: 2 1
[0]PETSC ERROR: See https://petsc.org/release/faq/ for trouble shooting.
[0]PETSC ERROR: PETSc Release Version 3.23.0, unknown
[0]PETSC ERROR: /home/renpo/Research/MantlePar/build/src/core/test/test_mesh with 1 MPI process(es) and PETSC_ARCH  on renpo-ThinkPad-P16-Gen-2 by renpo Sun Sep 13 10:47:31 2026
[0]PETSC ERROR: Configure options: PETSC_ARCH=linux-opt --prefix=/home/renpo/system/petsc-install --with-mpi-dir=/home/renpo/system/mpich-install --with-blaslapack-dir=/home/renpo/system/lapack-install
[0]PETSC ERROR: #1 DMSetUp_DA_2D() at /home/renpo/system/petsc/src/dm/impls/da/da2.c:230
[0]PETSC ERROR: #2 DMSetUp_DA() at /home/renpo/system/petsc/src/dm/impls/da/dareg.c:17
[0]PETSC ERROR: #3 DMSetUp() at /home/renpo/system/petsc/src/dm/interface/dm.c:812
[0]PETSC ERROR: #4 MakeDM() at /home/renpo/Research/MantlePar/src/core/test/test_mesh.cpp:28
[0]PETSC ERROR: #5 CheckCase() at /home/renpo/Research/MantlePar/src/core/test/test_mesh.cpp:42
[0]PETSC ERROR: #6 RunTests() at /home/renpo/Research/MantlePar/src/core/test/test_mesh.cpp:203
[0]PETSC ERROR: --------------------- Error Message --------------------------------------------------------------
[0]PETSC ERROR: Argument out of range
[0]PETSC ERROR: Too many processors in Y direction: 2 1
[0]PETSC ERROR: See https://petsc.org/release/faq/ for trouble shooting.
[0]PETSC ERROR: PETSc Release Version 3.23.0, unknown
[0]PETSC ERROR: /home/renpo/Research/MantlePar/build/src/core/test/test_mesh with 1 MPI process(es) and PETSC_ARCH  on renpo-ThinkPad-P16-Gen-2 by renpo Sun Sep 13 10:47:31 2026
[0]PETSC ERROR: Configure options: PETSC_ARCH=linux-opt --prefix=/home/renpo/system/petsc-install --with-mpi-dir=/home/renpo/system/mpich-install --with-blaslapack-dir=/home/renpo/system/lapack-install
[0]PETSC ERROR: #1 DMSetUp_DA_2D() at /home/renpo/system/petsc/src/dm/impls/da/da2.c:230
[0]PETSC ERROR: #2 DMSetUp_DA() at /home/renpo/system/petsc/src/dm/impls/da/dareg.c:17
[0]PETSC ERROR: #3 DMSetUp() at /home/renpo/system/petsc/src/dm/interface/dm.c:812
[0]PETSC ERROR: #4 MakeDM() at /home/renpo/Research/MantlePar/src/core/test/test_mesh.cpp:28
[0]PETSC ERROR: #5 CheckCase() at /home/renpo/Research/MantlePar/src/core/test/test_mesh.cpp:42
[0]PETSC ERROR: #6 RunTests() at /home/renpo/Research/MantlePar/src/core/test/test_mesh.cpp:203
--------------------------------------------------------------------------
Primary job  terminated normally, but 1 process returned
a non-zero exit code. Per user-direction, the job has been aborted.
--------------------------------------------------------------------------
--------------------------------------------------------------------------
mpiexec detected that one or more processes exited with non-zero status, thus causing
the job to be terminated. The first process to do so was:

  Process name: [[24369,1],0]
  Exit code:    63
--------------------------------------------------------------------------
<end of output>
Test time =   2.33 sec
----------------------------------------------------------
Test Failed.
"core_mesh_mpi_1x2" end time: Sep 13 10:47 CEST
"core_mesh_mpi_1x2" time elapsed: 00:00:02
----------------------------------------------------------

4/4 Testing: core_mesh_mpi_2x2
4/4 Test: core_mesh_mpi_2x2
Command: "/usr/bin/mpiexec" "-n" "4" "/home/renpo/Research/MantlePar/build/src/core/test/test_mesh" "-mesh_px" "2" "-mesh_py" "2"
Directory: /home/renpo/Research/MantlePar/build/src/core/test
"core_mesh_mpi_2x2" start time: Sep 13 10:47 CEST
Output:
----------------------------------------------------------
[0]PETSC ERROR: --------------------- Error Message --------------------------------------------------------------
[0]PETSC ERROR: Argument out of range
[0]PETSC ERROR: Too many processors in X direction: 2 1
[0]PETSC ERROR: See https://petsc.org/release/faq/ for trouble shooting.
[0]PETSC ERROR: PETSc Release Version 3.23.0, unknown
[0]PETSC ERROR: /home/renpo/Research/MantlePar/build/src/core/test/test_mesh with 1 MPI process(es) and PETSC_ARCH  on renpo-ThinkPad-P16-Gen-2 by renpo Sun Sep 13 10:47:33 2026
[0]PETSC ERROR: Configure options: PETSC_ARCH=linux-opt --prefix=/home/renpo/system/petsc-install --with-mpi-dir=/home/renpo/system/mpich-install --with-blaslapack-dir=/home/renpo/system/lapack-install
[0]PETSC ERROR: #1 DMSetUp_DA_2D() at /home/renpo/system/petsc/src/dm/impls/da/da2.c:226
[0]PETSC ERROR: #2 DMSetUp_DA() at /home/renpo/system/petsc/src/dm/impls/da/dareg.c:17
[0]PETSC ERROR: #3 DMSetUp() at /home/renpo/system/petsc/src/dm/interface/dm.c:812
[0]PETSC ERROR: #4 MakeDM() at /home/renpo/Research/MantlePar/src/core/test/test_mesh.cpp:28
[0]PETSC ERROR: #5 CheckCase() at /home/renpo/Research/MantlePar/src/core/test/test_mesh.cpp:42
[0]PETSC ERROR: #6 RunTests() at /home/renpo/Research/MantlePar/src/core/test/test_mesh.cpp:203
[0]PETSC ERROR: --------------------- Error Message --------------------------------------------------------------
[0]PETSC ERROR: Argument out of range
[0]PETSC ERROR: Too many processors in X direction: 2 1
[0]PETSC ERROR: See https://petsc.org/release/faq/ for trouble shooting.
[0]PETSC ERROR: PETSc Release Version 3.23.0, unknown
[0]PETSC ERROR: /home/renpo/Research/MantlePar/build/src/core/test/test_mesh with 1 MPI process(es) and PETSC_ARCH  on renpo-ThinkPad-P16-Gen-2 by renpo Sun Sep 13 10:47:33 2026
[0]PETSC ERROR: Configure options: PETSC_ARCH=linux-opt --prefix=/home/renpo/system/petsc-install --with-mpi-dir=/home/renpo/system/mpich-install --with-blaslapack-dir=/home/renpo/system/lapack-install
[0]PETSC ERROR: #1 DMSetUp_DA_2D() at /home/renpo/system/petsc/src/dm/impls/da/da2.c:226
[0]PETSC ERROR: #2 DMSetUp_DA() at /home/renpo/system/petsc/src/dm/impls/da/dareg.c:17
[0]PETSC ERROR: #3 DMSetUp() at /home/renpo/system/petsc/src/dm/interface/dm.c:812
[0]PETSC ERROR: #4 MakeDM() at /home/renpo/Research/MantlePar/src/core/test/test_mesh.cpp:28
[0]PETSC ERROR: #5 CheckCase() at /home/renpo/Research/MantlePar/src/core/test/test_mesh.cpp:42
[0]PETSC ERROR: #6 RunTests() at /home/renpo/Research/MantlePar/src/core/test/test_mesh.cpp:203
[0]PETSC ERROR: --------------------- Error Message --------------------------------------------------------------
[0]PETSC ERROR: Argument out of range
[0]PETSC ERROR: Too many processors in X direction: 2 1
[0]PETSC ERROR: See https://petsc.org/release/faq/ for trouble shooting.
[0]PETSC ERROR: PETSc Release Version 3.23.0, unknown
[0]PETSC ERROR: /home/renpo/Research/MantlePar/build/src/core/test/test_mesh with 1 MPI process(es) and PETSC_ARCH  on renpo-ThinkPad-P16-Gen-2 by renpo Sun Sep 13 10:47:33 2026
[0]PETSC ERROR: Configure options: PETSC_ARCH=linux-opt --prefix=/home/renpo/system/petsc-install --with-mpi-dir=/home/renpo/system/mpich-install --with-blaslapack-dir=/home/renpo/system/lapack-install
[0]PETSC ERROR: #1 DMSetUp_DA_2D() at /home/renpo/system/petsc/src/dm/impls/da/da2.c:226
[0]PETSC ERROR: #2 DMSetUp_DA() at /home/renpo/system/petsc/src/dm/impls/da/dareg.c:17
[0]PETSC ERROR: #3 DMSetUp() at /home/renpo/system/petsc/src/dm/interface/dm.c:812
[0]PETSC ERROR: #4 MakeDM() at /home/renpo/Research/MantlePar/src/core/test/test_mesh.cpp:28
[0]PETSC ERROR: #5 CheckCase() at /home/renpo/Research/MantlePar/src/core/test/test_mesh.cpp:42
[0]PETSC ERROR: #6 RunTests() at /home/renpo/Research/MantlePar/src/core/test/test_mesh.cpp:203
[0]PETSC ERROR: --------------------- Error Message --------------------------------------------------------------
[0]PETSC ERROR: Argument out of range
[0]PETSC ERROR: Too many processors in X direction: 2 1
[0]PETSC ERROR: See https://petsc.org/release/faq/ for trouble shooting.
[0]PETSC ERROR: PETSc Release Version 3.23.0, unknown
[0]PETSC ERROR: /home/renpo/Research/MantlePar/build/src/core/test/test_mesh with 1 MPI process(es) and PETSC_ARCH  on renpo-ThinkPad-P16-Gen-2 by renpo Sun Sep 13 10:47:33 2026
[0]PETSC ERROR: Configure options: PETSC_ARCH=linux-opt --prefix=/home/renpo/system/petsc-install --with-mpi-dir=/home/renpo/system/mpich-install --with-blaslapack-dir=/home/renpo/system/lapack-install
[0]PETSC ERROR: #1 DMSetUp_DA_2D() at /home/renpo/system/petsc/src/dm/impls/da/da2.c:226
[0]PETSC ERROR: #2 DMSetUp_DA() at /home/renpo/system/petsc/src/dm/impls/da/dareg.c:17
[0]PETSC ERROR: #3 DMSetUp() at /home/renpo/system/petsc/src/dm/interface/dm.c:812
[0]PETSC ERROR: #4 MakeDM() at /home/renpo/Research/MantlePar/src/core/test/test_mesh.cpp:28
[0]PETSC ERROR: #5 CheckCase() at /home/renpo/Research/MantlePar/src/core/test/test_mesh.cpp:42
[0]PETSC ERROR: #6 RunTests() at /home/renpo/Research/MantlePar/src/core/test/test_mesh.cpp:203
--------------------------------------------------------------------------
Primary job  terminated normally, but 1 process returned
a non-zero exit code. Per user-direction, the job has been aborted.
--------------------------------------------------------------------------
--------------------------------------------------------------------------
mpiexec detected that one or more processes exited with non-zero status, thus causing
the job to be terminated. The first process to do so was:

  Process name: [[24359,1],0]
  Exit code:    63
--------------------------------------------------------------------------
<end of output>
Test time =   1.34 sec
----------------------------------------------------------
Test Failed.
"core_mesh_mpi_2x2" end time: Sep 13 10:47 CEST
"core_mesh_mpi_2x2" time elapsed: 00:00:01
----------------------------------------------------------

End testing: Sep 13 10:47 CEST
